Arguments: 
  C:\Program Files\nodejs\node.exe C:\Users\frans\AppData\Roaming\npm\node_modules\yarn\bin\yarn.js add -D typescript nodemon ts-node @types/express @types/node

PATH: 
  C:\Users\frans\bin;C:\Program Files\Git\mingw64\bin;C:\Program Files\Git\usr\local\bin;C:\Program Files\Git\usr\bin;C:\Program Files\Git\usr\bin;C:\Program Files\Git\mingw64\bin;C:\Program Files\Git\usr\bin;C:\Users\frans\bin;C:\Windows\system32;C:\Windows;C:\Windows\System32\Wbem;C:\Windows\System32\WindowsPowerShell\v1.0;C:\Windows\System32\OpenSSH;C:\Program Files\Git\cmd;C:\Program Files\dotnet;C:\ProgramData\chocolatey\bin;C:\Program Files\nodejs;C:\Program Files\OpenJDK\openjdk-11.0.15_10\bin;C:\Users\frans\AppData\Local\Microsoft\WindowsApps;C:\Users\frans\AppData\Local\Programs\Microsoft VS Code\bin;C:\Users\frans\AppData\Roaming\npm;C:\Users\frans\AppData\Local\Android\Sdk\platform-tools;C:\Program Files\Git\usr\bin\vendor_perl;C:\Program Files\Git\usr\bin\core_perl

Yarn version: 
  1.22.19

Node version: 
  16.15.1

Platform: 
  win32 x64

Trace: 
  Error: getaddrinfo EAI_AGAIN registry.yarnpkg.com
      at GetAddrInfoReqWrap.onlookup [as oncomplete] (node:dns:71:26)

npm manifest: 
  {
    "name": "api-rest-node-typeorm",
    "version": "1.0.0",
    "description": "",
    "main": "index.js",
    "scripts": {
      "dev": "ts-node-dev --transpile-only src/index.ts",
      "migration:generate": "typeorm-ts-node-commonjs -d ./src/data-source.ts migration:generate ./src/migrations/default",
      "migration:run": "typeorm-ts-node-commonjs -d ./src/data-source.ts migration:run",
      "typeorm": "ts-node-dev node_modules/.bin/typeorm",
      "test": "echo \"Error: no test specified\" && exit 1"
    },
    "keywords": [],
    "author": "",
    "license": "ISC",
    "devDependencies": {
      "@types/express": "^4.17.13",
      "ts-node-dev": "^2.0.0",
      "typescript": "^4.7.4"
    },
    "dependencies": {
      "dotenv": "^16.0.1",
      "express": "^4.18.1",
      "reflect-metadata": "^0.1.13",
      "sqlite": "^4.1.2",
      "typeorm": "^0.3.7"
    }
  }

yarn manifest: 
  No manifest

Lockfile: 
  No lockfile
